{"stats":{"suites":9,"tests":15,"passes":15,"pending":0,"failures":0,"start":"2018-10-02T20:19:59.404Z","end":"2018-10-02T20:21:13.891Z","duration":74487,"testsRegistered":15,"passPercent":100,"pendingPercent":0,"other":0,"hasOther":false,"skipped":0,"hasSkipped":false,"passPercentClass":"success","pendingPercentClass":"danger"},"suites":{"title":"","suites":[{"title":"upon interacting with the filter toggle component (chrome)","suites":[],"tests":[{"title":"should search the page with the selected presets when apply is clicked","fullTitle":"should search the page with the selected presets when apply is clicked","timedOut":false,"duration":28,"speed":"fast","pass":true,"fail":false,"pending":false,"code":"","isRoot":false,"uuid":"cb67b8c7-5845-4568-8503-889c2b8fe0e2","parentUUID":"5a7ac017-9c04-4667-9639-d79258e474f0","skipped":false,"isHook":false,"context":"[{\"title\":\"Session Id\",\"value\":\"f203eca72816951643bc1c12505de291\"}]","state":"passed","err":{}},{"title":"should reset the search state when apply is clicked","fullTitle":"should reset the search state when apply is clicked","timedOut":false,"duration":8702,"speed":"fast","pass":true,"fail":false,"pending":false,"code":"","isRoot":false,"uuid":"3220a35f-bb2e-454f-9386-b069a08536c2","parentUUID":"5a7ac017-9c04-4667-9639-d79258e474f0","skipped":false,"isHook":false,"context":"[{\"title\":\"Session Id\",\"value\":\"f203eca72816951643bc1c12505de291\"}]","state":"passed","err":{}}],"pending":[],"root":false,"fullFile":"","file":"","passes":["cb67b8c7-5845-4568-8503-889c2b8fe0e2","3220a35f-bb2e-454f-9386-b069a08536c2"],"failures":[],"skipped":[],"duration":8741,"_timeout":0,"uuid":"5a7ac017-9c04-4667-9639-d79258e474f0","beforeHooks":[],"afterHooks":[]},{"title":"the initial load of the filter toggle component (chrome)","suites":[],"tests":[{"title":"should have the apply and reset button with labels","fullTitle":"should have the apply and reset button with labels","timedOut":false,"duration":5795,"speed":"fast","pass":true,"fail":false,"pending":false,"code":"","isRoot":false,"uuid":"45b3fd76-f2a6-4694-b29e-6bf9d2372d53","parentUUID":"a13e0263-adf7-4481-8cfa-2b00d76668f9","skipped":false,"isHook":false,"context":"[{\"title\":\"Session Id\",\"value\":\"747465b91ee13b3d34097d10e3050143\"}]","state":"passed","err":{}}],"pending":[],"root":false,"fullFile":"","file":"","passes":["45b3fd76-f2a6-4694-b29e-6bf9d2372d53"],"failures":[],"skipped":[],"duration":5811,"_timeout":0,"uuid":"a13e0263-adf7-4481-8cfa-2b00d76668f9","beforeHooks":[],"afterHooks":[]},{"title":"the initial load of the Results component (chrome)","suites":[],"tests":[{"title":"should have 2 results, with the first and last being well known","fullTitle":"should have 2 results, with the first and last being well known","timedOut":false,"duration":5261,"speed":"fast","pass":true,"fail":false,"pending":false,"code":"","isRoot":false,"uuid":"2b87d34a-9f67-4fa6-83b4-d4508465ff3b","parentUUID":"1e460560-4a79-4c69-bc9a-492fa2b5549f","skipped":false,"isHook":false,"context":"[{\"title\":\"Session Id\",\"value\":\"122c64520025f13cb274514068cba975\"}]","state":"passed","err":{}},{"title":"the first result should have verified display attributes","fullTitle":"the first result should have verified display attributes","timedOut":false,"duration":1355,"speed":"fast","pass":true,"fail":false,"pending":false,"code":"","isRoot":false,"uuid":"f71be216-0a54-41b3-b872-6db08494bc2c","parentUUID":"1e460560-4a79-4c69-bc9a-492fa2b5549f","skipped":false,"isHook":false,"context":"[{\"title\":\"Session Id\",\"value\":\"122c64520025f13cb274514068cba975\"}]","state":"passed","err":{}}],"pending":[],"root":false,"fullFile":"","file":"","passes":["2b87d34a-9f67-4fa6-83b4-d4508465ff3b","f71be216-0a54-41b3-b872-6db08494bc2c"],"failures":[],"skipped":[],"duration":6622,"_timeout":0,"uuid":"1e460560-4a79-4c69-bc9a-492fa2b5549f","beforeHooks":[],"afterHooks":[]},{"title":"after loading more results in the Results component (chrome)","suites":[],"tests":[{"title":"should have 4 results, with the 3rd and th being well known","fullTitle":"should have 4 results, with the 3rd and th being well known","timedOut":false,"duration":5264,"speed":"fast","pass":true,"fail":false,"pending":false,"code":"","isRoot":false,"uuid":"cf5da13a-80ee-4a80-8318-79fa53104d39","parentUUID":"5723b9b5-8250-4e63-a2ea-f49bd697a962","skipped":false,"isHook":false,"context":"[{\"title\":\"Session Id\",\"value\":\"843a32eed071660e10e0be3788859662\"}]","state":"passed","err":{}}],"pending":[],"root":false,"fullFile":"","file":"","passes":["cf5da13a-80ee-4a80-8318-79fa53104d39"],"failures":[],"skipped":[],"duration":5267,"_timeout":0,"uuid":"5723b9b5-8250-4e63-a2ea-f49bd697a962","beforeHooks":[],"afterHooks":[]},{"title":"the initial load of the search bar component (chrome)","suites":[],"tests":[{"title":"should have a placeholder and no input field value","fullTitle":"should have a placeholder and no input field value","timedOut":false,"duration":4468,"speed":"fast","pass":true,"fail":false,"pending":false,"code":"","isRoot":false,"uuid":"849f2064-3d5a-4fee-917d-f7efacc36e01","parentUUID":"1b02bbc2-dcb3-483b-bce5-ccce3b07e6cc","skipped":false,"isHook":false,"context":"[{\"title\":\"Session Id\",\"value\":\"1ec4945ce739bf335d2b22cf237a5ed3\"}]","state":"passed","err":{}}],"pending":[],"root":false,"fullFile":"","file":"","passes":["849f2064-3d5a-4fee-917d-f7efacc36e01"],"failures":[],"skipped":[],"duration":4476,"_timeout":0,"uuid":"1b02bbc2-dcb3-483b-bce5-ccce3b07e6cc","beforeHooks":[],"afterHooks":[]},{"title":"on reload of search page, with fulltext query params (chrome)","suites":[],"tests":[{"title":"the search bar component input filed should reflect the fulltext query parameter","fullTitle":"the search bar component input filed should reflect the fulltext query parameter","timedOut":false,"duration":4195,"speed":"fast","pass":true,"fail":false,"pending":false,"code":"","isRoot":false,"uuid":"7e46342f-00ce-4319-9586-22cb63b86f31","parentUUID":"9719ac9a-4846-48bb-b4e3-3d1ba201c5d6","skipped":false,"isHook":false,"context":"[{\"title\":\"Session Id\",\"value\":\"6fd5c85c4f36dc04093bf8729ab58c13\"}]","state":"passed","err":{}}],"pending":[],"root":false,"fullFile":"","file":"","passes":["7e46342f-00ce-4319-9586-22cb63b86f31"],"failures":[],"skipped":[],"duration":4198,"_timeout":0,"uuid":"9719ac9a-4846-48bb-b4e3-3d1ba201c5d6","beforeHooks":[],"afterHooks":[]},{"title":"the initial load of the search sort component (chrome)","suites":[],"tests":[{"title":"should have the correct default Sort By settings","fullTitle":"should have the correct default Sort By settings","timedOut":false,"duration":5211,"speed":"fast","pass":true,"fail":false,"pending":false,"code":"","isRoot":false,"uuid":"1a0a6c48-8876-48f7-b39c-921fa73c9610","parentUUID":"f0bb8f68-97a9-4913-9f75-cd07c0bd6460","skipped":false,"isHook":false,"context":"[{\"title\":\"Session Id\",\"value\":\"b53c450ef053529e5bdf6f1a2d9421f2\"}]","state":"passed","err":{}},{"title":"should have the correct default Sort Direction settings","fullTitle":"should have the correct default Sort Direction settings","timedOut":false,"duration":1318,"speed":"fast","pass":true,"fail":false,"pending":false,"code":"","isRoot":false,"uuid":"1a395235-67f0-498e-9954-332a221209fc","parentUUID":"f0bb8f68-97a9-4913-9f75-cd07c0bd6460","skipped":false,"isHook":false,"context":"[{\"title\":\"Session Id\",\"value\":\"b53c450ef053529e5bdf6f1a2d9421f2\"}]","state":"passed","err":{}}],"pending":[],"root":false,"fullFile":"","file":"","passes":["1a0a6c48-8876-48f7-b39c-921fa73c9610","1a395235-67f0-498e-9954-332a221209fc"],"failures":[],"skipped":[],"duration":6564,"_timeout":0,"uuid":"f0bb8f68-97a9-4913-9f75-cd07c0bd6460","beforeHooks":[],"afterHooks":[]},{"title":"on reload of search page, with sort related query params, the search sort component (chrome)","suites":[],"tests":[{"title":"should set the sort by to the matching request value","fullTitle":"should set the sort by to the matching request value","timedOut":false,"duration":4984,"speed":"fast","pass":true,"fail":false,"pending":false,"code":"","isRoot":false,"uuid":"6b69c0b3-bc34-47a0-bafc-0ce09822daea","parentUUID":"1a9467d1-6202-443e-933a-267d3589cb9e","skipped":false,"isHook":false,"context":"[{\"title\":\"Session Id\",\"value\":\"a854bf34d8b86ed919895db6cffb9132\"}]","state":"passed","err":{}},{"title":"should set the sort direction to the matching request value","fullTitle":"should set the sort direction to the matching request value","timedOut":false,"duration":1173,"speed":"fast","pass":true,"fail":false,"pending":false,"code":"","isRoot":false,"uuid":"a3408fa8-f887-4ea0-b623-798f61307694","parentUUID":"1a9467d1-6202-443e-933a-267d3589cb9e","skipped":false,"isHook":false,"context":"[{\"title\":\"Session Id\",\"value\":\"a854bf34d8b86ed919895db6cffb9132\"}]","state":"passed","err":{}},{"title":"should set both the sort by and sort direction to the matching request value","fullTitle":"should set both the sort by and sort direction to the matching request value","timedOut":false,"duration":1028,"speed":"fast","pass":true,"fail":false,"pending":false,"code":"","isRoot":false,"uuid":"303cce46-425f-48e4-916a-b00c611f2fd5","parentUUID":"1a9467d1-6202-443e-933a-267d3589cb9e","skipped":false,"isHook":false,"context":"[{\"title\":\"Session Id\",\"value\":\"a854bf34d8b86ed919895db6cffb9132\"}]","state":"passed","err":{}},{"title":"should set the sort by label and sort direction appropriately when mis-match request parameters are passed","fullTitle":"should set the sort by label and sort direction appropriately when mis-match request parameters are passed","timedOut":false,"duration":1271,"speed":"fast","pass":true,"fail":false,"pending":false,"code":"","isRoot":false,"uuid":"9b5c1dcf-97a3-4e0b-978b-ea4d34094a19","parentUUID":"1a9467d1-6202-443e-933a-267d3589cb9e","skipped":false,"isHook":false,"context":"[{\"title\":\"Session Id\",\"value\":\"a854bf34d8b86ed919895db6cffb9132\"}]","state":"passed","err":{}}],"pending":[],"root":false,"fullFile":"","file":"","passes":["6b69c0b3-bc34-47a0-bafc-0ce09822daea","a3408fa8-f887-4ea0-b623-798f61307694","303cce46-425f-48e4-916a-b00c611f2fd5","9b5c1dcf-97a3-4e0b-978b-ea4d34094a19"],"failures":[],"skipped":[],"duration":8465,"_timeout":0,"uuid":"1a9467d1-6202-443e-933a-267d3589cb9e","beforeHooks":[],"afterHooks":[]},{"title":"the initial load of the search page (chrome)","suites":[],"tests":[{"title":"should have the right browser title","fullTitle":"should have the right browser title","timedOut":false,"duration":3426,"speed":"fast","pass":true,"fail":false,"pending":false,"code":"","isRoot":false,"uuid":"2b0e7c4a-c64e-4609-a569-368ccfffc385","parentUUID":"1e72a6a8-1080-4d29-991e-b5dc02768239","skipped":false,"isHook":false,"context":"[{\"title\":\"Session Id\",\"value\":\"fae3fa3a376699a21b7f51ca118973b4\"}]","state":"passed","err":{}}],"pending":[],"root":false,"fullFile":"","file":"","passes":["2b0e7c4a-c64e-4609-a569-368ccfffc385"],"failures":[],"skipped":[],"duration":3429,"_timeout":0,"uuid":"1e72a6a8-1080-4d29-991e-b5dc02768239","beforeHooks":[],"afterHooks":[]}],"tests":[],"pending":[],"root":true,"fullFile":"","file":"","passes":[],"failures":[],"skipped":[],"duration":0,"_timeout":0,"uuid":"3dfabcc8-a68e-472d-ac28-2eaa106af03c","beforeHooks":[],"afterHooks":[]},"copyrightYear":2018}